
> web@0.1.0 build
> next build

  ▲ Next.js 14.2.33
  - Environments: .env.production.local, .env.local

   Creating an optimized production build ...
<w> [webpack.cache.PackFileCacheStrategy] Skipped not serializable cache item 'Compilation/modules|/home/geri/Desktop/chefconnect-new/chef-connect/web/node_modules/next/dist/build/webpack/loaders/css-loader/src/index.js??ruleSet[1].rules[14].oneOf[12].use[2]!/home/geri/Desktop/chefconnect-new/chef-connect/web/node_modules/next/dist/build/webpack/loaders/postcss-loader/src/index.js??ruleSet[1].rules[14].oneOf[12].use[3]!/home/geri/Desktop/chefconnect-new/chef-connect/web/app/globals.css': No serializer registered for PostCSSSyntaxError
<w> while serializing webpack/lib/cache/PackFileCacheStrategy.PackContentItems -> webpack/lib/NormalModule -> webpack/lib/ModuleBuildError -> PostCSSSyntaxError
Failed to compile.

./app/globals.css:8:1
Syntax error: /home/geri/Desktop/chefconnect-new/chef-connect/web/app/globals.css The `border-border` class does not exist. If `border-border` is a custom class, make sure it is defined within a `@layer` directive.

   6 | @custom-variant dark (&:is(.dark *));
   7 | 
>  8 | @tailwind base;
     | ^
   9 | @tailwind components;
  10 | @tailwind utilities;

./app/globals.css
Syntax error: /home/geri/Desktop/chefconnect-new/chef-connect/web/app/globals.css The `border-border` class does not exist. If `border-border` is a custom class, make sure it is defined within a `@layer` directive. (8:1)

   6 | @custom-variant dark (&:is(.dark *));
   7 | 
>  8 | @tailwind base;
     | ^
   9 | @tailwind components;
  10 | @tailwind utilities;

    at tryRunOrWebpackError (/home/geri/Desktop/chefconnect-new/chef-connect/web/node_modules/next/dist/compiled/webpack/bundle5.js:28:312989)
    at __webpack_require_module__ (/home/geri/Desktop/chefconnect-new/chef-connect/web/node_modules/next/dist/compiled/webpack/bundle5.js:28:131165)
    at __nested_webpack_require_153728__ (/home/geri/Desktop/chefconnect-new/chef-connect/web/node_modules/next/dist/compiled/webpack/bundle5.js:28:130607)
    at /home/geri/Desktop/chefconnect-new/chef-connect/web/node_modules/next/dist/compiled/webpack/bundle5.js:28:131454
    at symbolIterator (/home/geri/Desktop/chefconnect-new/chef-connect/web/node_modules/next/dist/compiled/neo-async/async.js:1:14444)
    at done (/home/geri/Desktop/chefconnect-new/chef-connect/web/node_modules/next/dist/compiled/neo-async/async.js:1:14824)
    at Hook.eval [as callAsync] (eval at create (/home/geri/Desktop/chefconnect-new/chef-connect/web/node_modules/next/dist/compiled/webpack/bundle5.js:13:28858), <anonymous>:15:1)
    at Hook.CALL_ASYNC_DELEGATE [as _callAsync] (/home/geri/Desktop/chefconnect-new/chef-connect/web/node_modules/next/dist/compiled/webpack/bundle5.js:13:26012)
    at /home/geri/Desktop/chefconnect-new/chef-connect/web/node_modules/next/dist/compiled/webpack/bundle5.js:28:130328
    at symbolIterator (/home/geri/Desktop/chefconnect-new/chef-connect/web/node_modules/next/dist/compiled/neo-async/async.js:1:14402)
-- inner error --
Syntax error: /home/geri/Desktop/chefconnect-new/chef-connect/web/app/globals.css The `border-border` class does not exist. If `border-border` is a custom class, make sure it is defined within a `@layer` directive. (8:1)

   6 | @custom-variant dark (&:is(.dark *));
   7 | 
>  8 | @tailwind base;
     | ^
   9 | @tailwind components;
  10 | @tailwind utilities;

    at Object.<anonymous> (/home/geri/Desktop/chefconnect-new/chef-connect/web/node_modules/next/dist/build/webpack/loaders/css-loader/src/index.js??ruleSet[1].rules[14].oneOf[12].use[2]!/home/geri/Desktop/chefconnect-new/chef-connect/web/node_modules/next/dist/build/webpack/loaders/postcss-loader/src/index.js??ruleSet[1].rules[14].oneOf[12].use[3]!/home/geri/Desktop/chefconnect-new/chef-connect/web/app/globals.css:1:7)
    at /home/geri/Desktop/chefconnect-new/chef-connect/web/node_modules/next/dist/compiled/webpack/bundle5.js:28:922493
    at Hook.eval [as call] (eval at create (/home/geri/Desktop/chefconnect-new/chef-connect/web/node_modules/next/dist/compiled/webpack/bundle5.js:13:28636), <anonymous>:7:1)
    at Hook.CALL_DELEGATE [as _call] (/home/geri/Desktop/chefconnect-new/chef-connect/web/node_modules/next/dist/compiled/webpack/bundle5.js:13:25906)
    at /home/geri/Desktop/chefconnect-new/chef-connect/web/node_modules/next/dist/compiled/webpack/bundle5.js:28:131198
    at tryRunOrWebpackError (/home/geri/Desktop/chefconnect-new/chef-connect/web/node_modules/next/dist/compiled/webpack/bundle5.js:28:312943)
    at __webpack_require_module__ (/home/geri/Desktop/chefconnect-new/chef-connect/web/node_modules/next/dist/compiled/webpack/bundle5.js:28:131165)
    at __nested_webpack_require_153728__ (/home/geri/Desktop/chefconnect-new/chef-connect/web/node_modules/next/dist/compiled/webpack/bundle5.js:28:130607)
    at /home/geri/Desktop/chefconnect-new/chef-connect/web/node_modules/next/dist/compiled/webpack/bundle5.js:28:131454
    at symbolIterator (/home/geri/Desktop/chefconnect-new/chef-connect/web/node_modules/next/dist/compiled/neo-async/async.js:1:14444)

Generated code for /home/geri/Desktop/chefconnect-new/chef-connect/web/node_modules/next/dist/build/webpack/loaders/css-loader/src/index.js??ruleSet[1].rules[14].oneOf[12].use[2]!/home/geri/Desktop/chefconnect-new/chef-connect/web/node_modules/next/dist/build/webpack/loaders/postcss-loader/src/index.js??ruleSet[1].rules[14].oneOf[12].use[3]!/home/geri/Desktop/chefconnect-new/chef-connect/web/app/globals.css

Import trace for requested module:
./app/globals.css


> Build failed because of webpack errors
